{"/Users/Project/webp-auto-transform/src/lib/utils.js": {"path":"/Users/Project/webp-auto-transform/src/lib/utils.js","statementMap":{"0":{"start":{"line":5,"column":12},"end":{"line":5,"column":25}},"1":{"start":{"line":6,"column":17},"end":{"line":6,"column":45}},"2":{"start":{"line":9,"column":2},"end":{"line":9,"column":43}},"3":{"start":{"line":13,"column":2},"end":{"line":13,"column":56}},"4":{"start":{"line":17,"column":2},"end":{"line":17,"column":58}},"5":{"start":{"line":21,"column":22},"end":{"line":21,"column":39}},"6":{"start":{"line":22,"column":20},"end":{"line":22,"column":38}},"7":{"start":{"line":24,"column":15},"end":{"line":24,"column":57}},"8":{"start":{"line":26,"column":2},"end":{"line":26,"column":25}},"9":{"start":{"line":30,"column":2},"end":{"line":30,"column":32}},"10":{"start":{"line":34,"column":2},"end":{"line":38,"column":3}},"11":{"start":{"line":35,"column":4},"end":{"line":35,"column":46}},"12":{"start":{"line":37,"column":4},"end":{"line":37,"column":17}},"13":{"start":{"line":42,"column":2},"end":{"line":42,"column":29}},"14":{"start":{"line":46,"column":2},"end":{"line":46,"column":54}},"15":{"start":{"line":50,"column":18},"end":{"line":50,"column":45}},"16":{"start":{"line":51,"column":19},"end":{"line":54,"column":50}},"17":{"start":{"line":56,"column":2},"end":{"line":56,"column":43}},"18":{"start":{"line":57,"column":18},"end":{"line":57,"column":42}},"19":{"start":{"line":59,"column":2},"end":{"line":59,"column":28}},"20":{"start":{"line":61,"column":2},"end":{"line":61,"column":20}},"21":{"start":{"line":65,"column":18},"end":{"line":65,"column":42}},"22":{"start":{"line":67,"column":18},"end":{"line":67,"column":35}},"23":{"start":{"line":68,"column":2},"end":{"line":68,"column":45}},"24":{"start":{"line":79,"column":6},"end":{"line":79,"column":13}},"25":{"start":{"line":81,"column":2},"end":{"line":83,"column":3}},"26":{"start":{"line":82,"column":4},"end":{"line":82,"column":43}},"27":{"start":{"line":85,"column":2},"end":{"line":87,"column":3}},"28":{"start":{"line":86,"column":4},"end":{"line":86,"column":44}},"29":{"start":{"line":89,"column":2},"end":{"line":91,"column":3}},"30":{"start":{"line":90,"column":4},"end":{"line":90,"column":42}},"31":{"start":{"line":93,"column":2},"end":{"line":99,"column":3}},"32":{"start":{"line":94,"column":4},"end":{"line":98,"column":7}},"33":{"start":{"line":95,"column":6},"end":{"line":97,"column":7}},"34":{"start":{"line":96,"column":8},"end":{"line":96,"column":46}},"35":{"start":{"line":101,"column":2},"end":{"line":106,"column":3}},"36":{"start":{"line":105,"column":4},"end":{"line":105,"column":40}},"37":{"start":{"line":108,"column":2},"end":{"line":110,"column":3}},"38":{"start":{"line":109,"column":4},"end":{"line":109,"column":47}},"39":{"start":{"line":112,"column":2},"end":{"line":114,"column":3}},"40":{"start":{"line":113,"column":4},"end":{"line":113,"column":47}},"41":{"start":{"line":127,"column":6},"end":{"line":127,"column":13}},"42":{"start":{"line":129,"column":28},"end":{"line":138,"column":7}},"43":{"start":{"line":131,"column":45},"end":{"line":131,"column":49}},"44":{"start":{"line":132,"column":6},"end":{"line":132,"column":51}},"45":{"start":{"line":132,"column":38},"end":{"line":132,"column":51}},"46":{"start":{"line":133,"column":6},"end":{"line":133,"column":18}},"47":{"start":{"line":135,"column":20},"end":{"line":138,"column":5}},"48":{"start":{"line":140,"column":21},"end":{"line":140,"column":47}},"49":{"start":{"line":142,"column":2},"end":{"line":153,"column":4}},"50":{"start":{"line":157,"column":23},"end":{"line":157,"column":25}},"51":{"start":{"line":158,"column":15},"end":{"line":158,"column":39}},"52":{"start":{"line":160,"column":2},"end":{"line":184,"column":3}},"53":{"start":{"line":160,"column":19},"end":{"line":160,"column":20}},"54":{"start":{"line":161,"column":14},"end":{"line":161,"column":25}},"55":{"start":{"line":162,"column":23},"end":{"line":162,"column":39}},"56":{"start":{"line":164,"column":4},"end":{"line":166,"column":5}},"57":{"start":{"line":165,"column":6},"end":{"line":165,"column":16}},"58":{"start":{"line":169,"column":4},"end":{"line":171,"column":5}},"59":{"start":{"line":170,"column":6},"end":{"line":170,"column":15}},"60":{"start":{"line":174,"column":4},"end":{"line":176,"column":5}},"61":{"start":{"line":175,"column":6},"end":{"line":175,"column":15}},"62":{"start":{"line":178,"column":4},"end":{"line":178,"column":33}},"63":{"start":{"line":181,"column":4},"end":{"line":183,"column":5}},"64":{"start":{"line":182,"column":6},"end":{"line":182,"column":36}},"65":{"start":{"line":186,"column":2},"end":{"line":186,"column":22}},"66":{"start":{"line":190,"column":2},"end":{"line":190,"column":25}},"67":{"start":{"line":201,"column":6},"end":{"line":201,"column":38}},"68":{"start":{"line":204,"column":24},"end":{"line":211,"column":3}},"69":{"start":{"line":213,"column":22},"end":{"line":217,"column":3}},"70":{"start":{"line":219,"column":2},"end":{"line":222,"column":4}},"71":{"start":{"line":226,"column":2},"end":{"line":232,"column":3}},"72":{"start":{"line":226,"column":19},"end":{"line":226,"column":20}},"73":{"start":{"line":227,"column":17},"end":{"line":227,"column":34}},"74":{"start":{"line":228,"column":40},"end":{"line":228,"column":44}},"75":{"start":{"line":229,"column":4},"end":{"line":231,"column":5}},"76":{"start":{"line":230,"column":6},"end":{"line":230,"column":18}},"77":{"start":{"line":233,"column":2},"end":{"line":233,"column":12}}},"fnMap":{"0":{"name":"getLogPrefix","decl":{"start":{"line":8,"column":16},"end":{"line":8,"column":28}},"loc":{"start":{"line":8,"column":35},"end":{"line":10,"column":1}},"line":8},"1":{"name":"log","decl":{"start":{"line":12,"column":16},"end":{"line":12,"column":19}},"loc":{"start":{"line":12,"column":29},"end":{"line":14,"column":1}},"line":12},"2":{"name":"errLog","decl":{"start":{"line":16,"column":16},"end":{"line":16,"column":22}},"loc":{"start":{"line":16,"column":32},"end":{"line":18,"column":1}},"line":16},"3":{"name":"getSizeDifference","decl":{"start":{"line":20,"column":16},"end":{"line":20,"column":33}},"loc":{"start":{"line":20,"column":53},"end":{"line":27,"column":1}},"line":20},"4":{"name":"isValidImg","decl":{"start":{"line":29,"column":16},"end":{"line":29,"column":26}},"loc":{"start":{"line":29,"column":36},"end":{"line":31,"column":1}},"line":29},"5":{"name":"isDir","decl":{"start":{"line":33,"column":16},"end":{"line":33,"column":21}},"loc":{"start":{"line":33,"column":31},"end":{"line":39,"column":1}},"line":33},"6":{"name":"getAbsolutePath","decl":{"start":{"line":41,"column":16},"end":{"line":41,"column":31}},"loc":{"start":{"line":41,"column":39},"end":{"line":43,"column":1}},"line":41},"7":{"name":"getOutputPathByEntry","decl":{"start":{"line":45,"column":16},"end":{"line":45,"column":36}},"loc":{"start":{"line":45,"column":79},"end":{"line":47,"column":1}},"line":45},"8":{"name":"getWebpTransformPath","decl":{"start":{"line":49,"column":16},"end":{"line":49,"column":36}},"loc":{"start":{"line":49,"column":79},"end":{"line":62,"column":1}},"line":49},"9":{"name":"getDefaultOutputPath","decl":{"start":{"line":64,"column":16},"end":{"line":64,"column":36}},"loc":{"start":{"line":64,"column":48},"end":{"line":69,"column":1}},"line":64},"10":{"name":"verifyOptions","decl":{"start":{"line":71,"column":16},"end":{"line":71,"column":29}},"loc":{"start":{"line":71,"column":44},"end":{"line":115,"column":1}},"line":71},"11":{"name":"(anonymous_11)","decl":{"start":{"line":94,"column":23},"end":{"line":94,"column":24}},"loc":{"start":{"line":94,"column":33},"end":{"line":98,"column":5}},"line":94},"12":{"name":"setDefaultPluginOptions","decl":{"start":{"line":117,"column":16},"end":{"line":117,"column":39}},"loc":{"start":{"line":117,"column":54},"end":{"line":154,"column":1}},"line":117},"13":{"name":"(anonymous_13)","decl":{"start":{"line":130,"column":12},"end":{"line":130,"column":13}},"loc":{"start":{"line":130,"column":22},"end":{"line":134,"column":5}},"line":130},"14":{"name":"(anonymous_14)","decl":{"start":{"line":135,"column":9},"end":{"line":135,"column":10}},"loc":{"start":{"line":135,"column":20},"end":{"line":138,"column":5}},"line":135},"15":{"name":"getCwebpOptions","decl":{"start":{"line":156,"column":16},"end":{"line":156,"column":31}},"loc":{"start":{"line":156,"column":45},"end":{"line":187,"column":1}},"line":156},"16":{"name":"getCurrentOptions","decl":{"start":{"line":189,"column":16},"end":{"line":189,"column":33}},"loc":{"start":{"line":189,"column":48},"end":{"line":223,"column":1}},"line":189},"17":{"name":"getImgCustomCwebpConfig","decl":{"start":{"line":225,"column":16},"end":{"line":225,"column":39}},"loc":{"start":{"line":225,"column":65},"end":{"line":234,"column":1}},"line":225}},"branchMap":{"0":{"loc":{"start":{"line":71,"column":30},"end":{"line":71,"column":42}},"type":"default-arg","locations":[{"start":{"line":71,"column":40},"end":{"line":71,"column":42}}],"line":71},"1":{"loc":{"start":{"line":81,"column":2},"end":{"line":83,"column":3}},"type":"if","locations":[{"start":{"line":81,"column":2},"end":{"line":83,"column":3}},{"start":{},"end":{}}],"line":81},"2":{"loc":{"start":{"line":85,"column":2},"end":{"line":87,"column":3}},"type":"if","locations":[{"start":{"line":85,"column":2},"end":{"line":87,"column":3}},{"start":{},"end":{}}],"line":85},"3":{"loc":{"start":{"line":85,"column":6},"end":{"line":85,"column":50}},"type":"binary-expr","locations":[{"start":{"line":85,"column":6},"end":{"line":85,"column":16}},{"start":{"line":85,"column":20},"end":{"line":85,"column":50}}],"line":85},"4":{"loc":{"start":{"line":89,"column":2},"end":{"line":91,"column":3}},"type":"if","locations":[{"start":{"line":89,"column":2},"end":{"line":91,"column":3}},{"start":{},"end":{}}],"line":89},"5":{"loc":{"start":{"line":89,"column":6},"end":{"line":89,"column":46}},"type":"binary-expr","locations":[{"start":{"line":89,"column":6},"end":{"line":89,"column":16}},{"start":{"line":89,"column":20},"end":{"line":89,"column":46}}],"line":89},"6":{"loc":{"start":{"line":93,"column":2},"end":{"line":99,"column":3}},"type":"if","locations":[{"start":{"line":93,"column":2},"end":{"line":99,"column":3}},{"start":{},"end":{}}],"line":93},"7":{"loc":{"start":{"line":95,"column":6},"end":{"line":97,"column":7}},"type":"if","locations":[{"start":{"line":95,"column":6},"end":{"line":97,"column":7}},{"start":{},"end":{}}],"line":95},"8":{"loc":{"start":{"line":101,"column":2},"end":{"line":106,"column":3}},"type":"if","locations":[{"start":{"line":101,"column":2},"end":{"line":106,"column":3}},{"start":{},"end":{}}],"line":101},"9":{"loc":{"start":{"line":102,"column":4},"end":{"line":103,"column":70}},"type":"binary-expr","locations":[{"start":{"line":102,"column":5},"end":{"line":102,"column":12}},{"start":{"line":102,"column":16},"end":{"line":102,"column":43}},{"start":{"line":103,"column":8},"end":{"line":103,"column":35}},{"start":{"line":103,"column":40},"end":{"line":103,"column":53}},{"start":{"line":103,"column":57},"end":{"line":103,"column":68}}],"line":102},"10":{"loc":{"start":{"line":108,"column":2},"end":{"line":110,"column":3}},"type":"if","locations":[{"start":{"line":108,"column":2},"end":{"line":110,"column":3}},{"start":{},"end":{}}],"line":108},"11":{"loc":{"start":{"line":108,"column":6},"end":{"line":108,"column":63}},"type":"binary-expr","locations":[{"start":{"line":108,"column":6},"end":{"line":108,"column":22}},{"start":{"line":108,"column":26},"end":{"line":108,"column":63}}],"line":108},"12":{"loc":{"start":{"line":112,"column":2},"end":{"line":114,"column":3}},"type":"if","locations":[{"start":{"line":112,"column":2},"end":{"line":114,"column":3}},{"start":{},"end":{}}],"line":112},"13":{"loc":{"start":{"line":112,"column":6},"end":{"line":112,"column":63}},"type":"binary-expr","locations":[{"start":{"line":112,"column":6},"end":{"line":112,"column":22}},{"start":{"line":112,"column":26},"end":{"line":112,"column":63}}],"line":112},"14":{"loc":{"start":{"line":117,"column":40},"end":{"line":117,"column":52}},"type":"default-arg","locations":[{"start":{"line":117,"column":50},"end":{"line":117,"column":52}}],"line":117},"15":{"loc":{"start":{"line":122,"column":4},"end":{"line":122,"column":19}},"type":"default-arg","locations":[{"start":{"line":122,"column":17},"end":{"line":122,"column":19}}],"line":122},"16":{"loc":{"start":{"line":132,"column":6},"end":{"line":132,"column":51}},"type":"if","locations":[{"start":{"line":132,"column":6},"end":{"line":132,"column":51}},{"start":{},"end":{}}],"line":132},"17":{"loc":{"start":{"line":132,"column":10},"end":{"line":132,"column":36}},"type":"binary-expr","locations":[{"start":{"line":132,"column":10},"end":{"line":132,"column":19}},{"start":{"line":132,"column":23},"end":{"line":132,"column":36}}],"line":132},"18":{"loc":{"start":{"line":144,"column":16},"end":{"line":146,"column":40}},"type":"cond-expr","locations":[{"start":{"line":145,"column":8},"end":{"line":145,"column":35}},{"start":{"line":146,"column":8},"end":{"line":146,"column":40}}],"line":144},"19":{"loc":{"start":{"line":148,"column":13},"end":{"line":148,"column":26}},"type":"binary-expr","locations":[{"start":{"line":148,"column":13},"end":{"line":148,"column":20}},{"start":{"line":148,"column":24},"end":{"line":148,"column":26}}],"line":148},"20":{"loc":{"start":{"line":149,"column":22},"end":{"line":149,"column":46}},"type":"binary-expr","locations":[{"start":{"line":149,"column":22},"end":{"line":149,"column":38}},{"start":{"line":149,"column":42},"end":{"line":149,"column":46}}],"line":149},"21":{"loc":{"start":{"line":150,"column":22},"end":{"line":150,"column":47}},"type":"binary-expr","locations":[{"start":{"line":150,"column":22},"end":{"line":150,"column":38}},{"start":{"line":150,"column":42},"end":{"line":150,"column":47}}],"line":150},"22":{"loc":{"start":{"line":151,"column":11},"end":{"line":151,"column":24}},"type":"binary-expr","locations":[{"start":{"line":151,"column":11},"end":{"line":151,"column":16}},{"start":{"line":151,"column":20},"end":{"line":151,"column":24}}],"line":151},"23":{"loc":{"start":{"line":164,"column":4},"end":{"line":166,"column":5}},"type":"if","locations":[{"start":{"line":164,"column":4},"end":{"line":166,"column":5}},{"start":{},"end":{}}],"line":164},"24":{"loc":{"start":{"line":169,"column":4},"end":{"line":171,"column":5}},"type":"if","locations":[{"start":{"line":169,"column":4},"end":{"line":171,"column":5}},{"start":{},"end":{}}],"line":169},"25":{"loc":{"start":{"line":174,"column":4},"end":{"line":176,"column":5}},"type":"if","locations":[{"start":{"line":174,"column":4},"end":{"line":176,"column":5}},{"start":{},"end":{}}],"line":174},"26":{"loc":{"start":{"line":174,"column":8},"end":{"line":174,"column":54}},"type":"binary-expr","locations":[{"start":{"line":174,"column":8},"end":{"line":174,"column":28}},{"start":{"line":174,"column":32},"end":{"line":174,"column":54}}],"line":174},"27":{"loc":{"start":{"line":181,"column":4},"end":{"line":183,"column":5}},"type":"if","locations":[{"start":{"line":181,"column":4},"end":{"line":183,"column":5}},{"start":{},"end":{}}],"line":181},"28":{"loc":{"start":{"line":181,"column":8},"end":{"line":181,"column":66}},"type":"binary-expr","locations":[{"start":{"line":181,"column":8},"end":{"line":181,"column":18}},{"start":{"line":181,"column":22},"end":{"line":181,"column":41}},{"start":{"line":181,"column":45},"end":{"line":181,"column":66}}],"line":181},"29":{"loc":{"start":{"line":189,"column":34},"end":{"line":189,"column":46}},"type":"default-arg","locations":[{"start":{"line":189,"column":44},"end":{"line":189,"column":46}}],"line":189},"30":{"loc":{"start":{"line":229,"column":4},"end":{"line":231,"column":5}},"type":"if","locations":[{"start":{"line":229,"column":4},"end":{"line":231,"column":5}},{"start":{},"end":{}}],"line":229}},"s":{"0":2,"1":2,"2":7,"3":6,"4":0,"5":5,"6":5,"7":5,"8":5,"9":0,"10":16,"11":16,"12":5,"13":24,"14":10,"15":10,"16":10,"17":10,"18":10,"19":10,"20":10,"21":4,"22":4,"23":4,"24":13,"25":13,"26":3,"27":10,"28":1,"29":9,"30":1,"31":8,"32":3,"33":2,"34":1,"35":7,"36":3,"37":4,"38":1,"39":3,"40":1,"41":5,"42":5,"43":2,"44":2,"45":1,"46":1,"47":1,"48":5,"49":5,"50":7,"51":7,"52":7,"53":7,"54":6,"55":6,"56":6,"57":1,"58":6,"59":1,"60":5,"61":1,"62":4,"63":4,"64":3,"65":7,"66":2,"67":1,"68":1,"69":1,"70":1,"71":6,"72":6,"73":0,"74":0,"75":0,"76":0,"77":6},"f":{"0":7,"1":6,"2":0,"3":5,"4":0,"5":16,"6":24,"7":10,"8":10,"9":4,"10":13,"11":2,"12":5,"13":2,"14":1,"15":7,"16":2,"17":6},"b":{"0":[1],"1":[3,10],"2":[1,9],"3":[10,3],"4":[1,8],"5":[9,4],"6":[3,5],"7":[1,1],"8":[3,4],"9":[7,5,6,4,3],"10":[1,3],"11":[4,3],"12":[1,2],"13":[3,1],"14":[0],"15":[2],"16":[1,1],"17":[2,2],"18":[1,4],"19":[5,4],"20":[5,3],"21":[5,3],"22":[5,4],"23":[1,5],"24":[1,5],"25":[1,4],"26":[5,4],"27":[3,1],"28":[4,4,3],"29":[1],"30":[0,0]},"_coverageSchema":"1a1c01bbd47fc00a2c39e90264f33305004495a9","hash":"64851368d3a33d2c09fb67733826c2b1fe9d1b56"}
,"/Users/Project/webp-auto-transform/src/lib/webp/createWebp.js": {"path":"/Users/Project/webp-auto-transform/src/lib/webp/createWebp.js","statementMap":{"0":{"start":{"line":17,"column":42},"end":{"line":17,"column":54}},"1":{"start":{"line":25,"column":6},"end":{"line":25,"column":19}},"2":{"start":{"line":27,"column":19},"end":{"line":27,"column":75}},"3":{"start":{"line":28,"column":28},"end":{"line":28,"column":72}},"4":{"start":{"line":30,"column":30},"end":{"line":33,"column":4}},"5":{"start":{"line":36,"column":2},"end":{"line":41,"column":3}},"6":{"start":{"line":40,"column":4},"end":{"line":40,"column":11}},"7":{"start":{"line":43,"column":2},"end":{"line":47,"column":3}},"8":{"start":{"line":44,"column":4},"end":{"line":44,"column":75}},"9":{"start":{"line":46,"column":4},"end":{"line":46,"column":62}},"10":{"start":{"line":49,"column":19},"end":{"line":49,"column":55}},"11":{"start":{"line":50,"column":19},"end":{"line":50,"column":37}},"12":{"start":{"line":53,"column":2},"end":{"line":62,"column":3}},"13":{"start":{"line":54,"column":4},"end":{"line":54,"column":25}},"14":{"start":{"line":55,"column":4},"end":{"line":59,"column":6}},"15":{"start":{"line":61,"column":4},"end":{"line":61,"column":31}}},"fnMap":{"0":{"name":"createWebp","decl":{"start":{"line":16,"column":9},"end":{"line":16,"column":19}},"loc":{"start":{"line":16,"column":29},"end":{"line":63,"column":1}},"line":16}},"branchMap":{"0":{"loc":{"start":{"line":36,"column":2},"end":{"line":41,"column":3}},"type":"if","locations":[{"start":{"line":36,"column":2},"end":{"line":41,"column":3}},{"start":{},"end":{}}],"line":36},"1":{"loc":{"start":{"line":37,"column":4},"end":{"line":38,"column":24}},"type":"binary-expr","locations":[{"start":{"line":37,"column":4},"end":{"line":37,"column":28}},{"start":{"line":38,"column":7},"end":{"line":38,"column":24}}],"line":37},"2":{"loc":{"start":{"line":53,"column":2},"end":{"line":62,"column":3}},"type":"if","locations":[{"start":{"line":53,"column":2},"end":{"line":62,"column":3}},{"start":{"line":60,"column":9},"end":{"line":62,"column":3}}],"line":53},"3":{"loc":{"start":{"line":53,"column":6},"end":{"line":53,"column":38}},"type":"binary-expr","locations":[{"start":{"line":53,"column":6},"end":{"line":53,"column":18}},{"start":{"line":53,"column":22},"end":{"line":53,"column":38}}],"line":53}},"s":{"0":6,"1":6,"2":6,"3":6,"4":6,"5":6,"6":1,"7":5,"8":5,"9":0,"10":5,"11":5,"12":5,"13":1,"14":1,"15":4},"f":{"0":6},"b":{"0":[1,5],"1":[6,1],"2":[1,4],"3":[5,1]},"_coverageSchema":"1a1c01bbd47fc00a2c39e90264f33305004495a9","hash":"1883702e7cd172b2c1ad726e9ab7b8821e3f1686"}
,"/Users/Project/webp-auto-transform/src/lib/webp/removeWebp.js": {"path":"/Users/Project/webp-auto-transform/src/lib/webp/removeWebp.js","statementMap":{"0":{"start":{"line":5,"column":55},"end":{"line":5,"column":67}},"1":{"start":{"line":7,"column":19},"end":{"line":7,"column":75}},"2":{"start":{"line":9,"column":2},"end":{"line":9,"column":23}},"3":{"start":{"line":11,"column":2},"end":{"line":11,"column":28}}},"fnMap":{"0":{"name":"removeWebp","decl":{"start":{"line":4,"column":9},"end":{"line":4,"column":19}},"loc":{"start":{"line":4,"column":29},"end":{"line":12,"column":1}},"line":4}},"branchMap":{},"s":{"0":2,"1":2,"2":2,"3":2},"f":{"0":2},"b":{},"_coverageSchema":"1a1c01bbd47fc00a2c39e90264f33305004495a9","hash":"67d4e79a2eaf4a905a497ff528d5e34a6abc6237"}
}
