TN:
SF:src/lib/utils.js
FN:8,getLogPrefix
FN:12,log
FN:16,errLog
FN:20,getSizeDifference
FN:29,isValidImg
FN:33,isDir
FN:41,getAbsolutePath
FN:45,getOutputPathByEntry
FN:49,getWebpTransformPath
FN:64,getDefaultOutputPath
FN:71,verifyOptions
FN:94,(anonymous_11)
FN:117,setDefaultPluginOptions
FN:130,(anonymous_13)
FN:135,(anonymous_14)
FN:156,getCwebpOptions
FN:189,getCurrentOptions
FN:225,getImgCustomCwebpConfig
FNF:18
FNH:16
FNDA:7,getLogPrefix
FNDA:6,log
FNDA:0,errLog
FNDA:5,getSizeDifference
FNDA:0,isValidImg
FNDA:16,isDir
FNDA:24,getAbsolutePath
FNDA:10,getOutputPathByEntry
FNDA:10,getWebpTransformPath
FNDA:4,getDefaultOutputPath
FNDA:13,verifyOptions
FNDA:2,(anonymous_11)
FNDA:5,setDefaultPluginOptions
FNDA:2,(anonymous_13)
FNDA:1,(anonymous_14)
FNDA:7,getCwebpOptions
FNDA:2,getCurrentOptions
FNDA:6,getImgCustomCwebpConfig
DA:5,2
DA:6,2
DA:9,7
DA:13,6
DA:17,0
DA:21,5
DA:22,5
DA:24,5
DA:26,5
DA:30,0
DA:34,16
DA:35,16
DA:37,5
DA:42,24
DA:46,10
DA:50,10
DA:51,10
DA:56,10
DA:57,10
DA:59,10
DA:61,10
DA:65,4
DA:67,4
DA:68,4
DA:79,13
DA:81,13
DA:82,3
DA:85,10
DA:86,1
DA:89,9
DA:90,1
DA:93,8
DA:94,3
DA:95,2
DA:96,1
DA:101,7
DA:105,3
DA:108,4
DA:109,1
DA:112,3
DA:113,1
DA:127,5
DA:129,5
DA:131,2
DA:132,2
DA:133,1
DA:135,1
DA:140,5
DA:142,5
DA:157,7
DA:158,7
DA:160,7
DA:161,6
DA:162,6
DA:164,6
DA:165,1
DA:169,6
DA:170,1
DA:174,5
DA:175,1
DA:178,4
DA:181,4
DA:182,3
DA:186,7
DA:190,2
DA:201,1
DA:204,1
DA:213,1
DA:219,1
DA:226,6
DA:227,0
DA:228,0
DA:229,0
DA:230,0
DA:233,6
LF:75
LH:69
BRDA:71,0,0,1
BRDA:81,1,0,3
BRDA:81,1,1,10
BRDA:85,2,0,1
BRDA:85,2,1,9
BRDA:85,3,0,10
BRDA:85,3,1,3
BRDA:89,4,0,1
BRDA:89,4,1,8
BRDA:89,5,0,9
BRDA:89,5,1,4
BRDA:93,6,0,3
BRDA:93,6,1,5
BRDA:95,7,0,1
BRDA:95,7,1,1
BRDA:101,8,0,3
BRDA:101,8,1,4
BRDA:102,9,0,7
BRDA:102,9,1,5
BRDA:102,9,2,6
BRDA:102,9,3,4
BRDA:102,9,4,3
BRDA:108,10,0,1
BRDA:108,10,1,3
BRDA:108,11,0,4
BRDA:108,11,1,3
BRDA:112,12,0,1
BRDA:112,12,1,2
BRDA:112,13,0,3
BRDA:112,13,1,1
BRDA:117,14,0,0
BRDA:122,15,0,2
BRDA:132,16,0,1
BRDA:132,16,1,1
BRDA:132,17,0,2
BRDA:132,17,1,2
BRDA:144,18,0,1
BRDA:144,18,1,4
BRDA:148,19,0,5
BRDA:148,19,1,4
BRDA:149,20,0,5
BRDA:149,20,1,3
BRDA:150,21,0,5
BRDA:150,21,1,3
BRDA:151,22,0,5
BRDA:151,22,1,4
BRDA:164,23,0,1
BRDA:164,23,1,5
BRDA:169,24,0,1
BRDA:169,24,1,5
BRDA:174,25,0,1
BRDA:174,25,1,4
BRDA:174,26,0,5
BRDA:174,26,1,4
BRDA:181,27,0,3
BRDA:181,27,1,1
BRDA:181,28,0,4
BRDA:181,28,1,4
BRDA:181,28,2,3
BRDA:189,29,0,1
BRDA:229,30,0,0
BRDA:229,30,1,0
BRF:62
BRH:59
end_of_record
TN:
SF:src/lib/webp/createWebp.js
FN:16,createWebp
FNF:1
FNH:1
FNDA:6,createWebp
DA:17,6
DA:25,6
DA:27,6
DA:28,6
DA:30,6
DA:36,6
DA:40,1
DA:43,5
DA:44,5
DA:46,0
DA:49,5
DA:50,5
DA:53,5
DA:54,1
DA:55,1
DA:61,4
LF:16
LH:15
BRDA:36,0,0,1
BRDA:36,0,1,5
BRDA:37,1,0,6
BRDA:37,1,1,1
BRDA:53,2,0,1
BRDA:53,2,1,4
BRDA:53,3,0,5
BRDA:53,3,1,1
BRF:8
BRH:8
end_of_record
TN:
SF:src/lib/webp/removeWebp.js
FN:4,removeWebp
FNF:1
FNH:1
FNDA:2,removeWebp
DA:5,2
DA:7,2
DA:9,2
DA:11,2
LF:4
LH:4
BRF:0
BRH:0
end_of_record
